


ARM Macro Assembler    Page 1 


    1 00000000         ;/******************************************************
                       ********************//**
    2 00000000         ; * @file     startup_M0A21.s
    3 00000000         ; * @version  V2.00
    4 00000000         ; * $Revision: 4 $
    5 00000000         ; * $Date: 20/05/22 7:57p $
    6 00000000         ; * @brief    M0A21 Series Startup Source File for KEIL 
                       Platform
    7 00000000         ; *
    8 00000000         ; * @note
    9 00000000         ; * SPDX-License-Identifier: Apache-2.0  
   10 00000000         ; * Copyright (C) 2019 Nuvoton Technology Corp. All righ
                       ts reserved.
   11 00000000         ; *
   12 00000000         ; ******************************************************
                       ************************/
   13 00000000                 IF               :LNOT: :DEF: Stack_Size
   15                          ENDIF
   16 00000000         
   17 00000000                 AREA             STACK, NOINIT, READWRITE, ALIGN
=3
   18 00000000         Stack_Mem
                               SPACE            Stack_Size
   19 00000200         __initial_sp
   20 00000200         
   21 00000200         
   22 00000200         ; <h> Heap Configuration
   23 00000200         ;   <o>  Heap Size (in Bytes) <0x0-0xFFFFFFFF:8>
   24 00000200         ; </h>
   25 00000200                 IF               :LNOT: :DEF: Heap_Size
   27                          ENDIF
   28 00000200                 AREA             HEAP, NOINIT, READWRITE, ALIGN=
3
   29 00000000         __heap_base
   30 00000000         Heap_Mem
                               SPACE            Heap_Size
   31 00000000         __heap_limit
   32 00000000         
   33 00000000         
   34 00000000                 PRESERVE8
   35 00000000                 THUMB
   36 00000000         
   37 00000000         
   38 00000000         ; Vector Table Mapped to Address 0 at Reset
   39 00000000                 AREA             RESET, DATA, READONLY
   40 00000000                 EXPORT           __Vectors
   41 00000000         
   42 00000000 00000000 
                       __Vectors
                               DCD              __initial_sp ; Top of Stack
   43 00000004 00000000        DCD              Reset_Handler ; Reset Handler
   44 00000008 00000000        DCD              NMI_Handler ; NMI Handler
   45 0000000C 00000000        DCD              HardFault_Handler ; Hard Fault 
                                                            Handler
   46 00000010 00000000        DCD              0           ; Reserved
   47 00000014 00000000        DCD              0           ; Reserved
   48 00000018 00000000        DCD              0           ; Reserved
   49 0000001C 00000000        DCD              0           ; Reserved
   50 00000020 00000000        DCD              0           ; Reserved



ARM Macro Assembler    Page 2 


   51 00000024 00000000        DCD              0           ; Reserved
   52 00000028 00000000        DCD              0           ; Reserved
   53 0000002C 00000000        DCD              SVC_Handler ; SVCall Handler
   54 00000030 00000000        DCD              0           ; Reserved
   55 00000034 00000000        DCD              0           ; Reserved
   56 00000038 00000000        DCD              PendSV_Handler ; PendSV Handler
                                                            
   57 0000003C 00000000        DCD              SysTick_Handler 
                                                            ; SysTick Handler
   58 00000040         
   59 00000040         ; External Interrupts
   60 00000040         ; maximum of 32 External Interrupts are possible
   61 00000040 00000000        DCD              BOD_IRQHandler
   62 00000044 00000000        DCD              WDT_IRQHandler
   63 00000048 00000000        DCD              EINT024_IRQHandler
   64 0000004C 00000000        DCD              EINT135_IRQHandler
   65 00000050 00000000        DCD              GPAB_IRQHandler
   66 00000054 00000000        DCD              GPCD_IRQHandler
   67 00000058 00000000        DCD              PWM0_IRQHandler
   68 0000005C 00000000        DCD              Default_Handler
   69 00000060 00000000        DCD              TMR0_IRQHandler
   70 00000064 00000000        DCD              TMR1_IRQHandler
   71 00000068 00000000        DCD              TMR2_IRQHandler
   72 0000006C 00000000        DCD              TMR3_IRQHandler
   73 00000070 00000000        DCD              UART0_IRQHandler
   74 00000074 00000000        DCD              UART1_IRQHandler
   75 00000078 00000000        DCD              Default_Handler
   76 0000007C 00000000        DCD              CAN0_IRQHandler
   77 00000080 00000000        DCD              Default_Handler
   78 00000084 00000000        DCD              Default_Handler
   79 00000088 00000000        DCD              Default_Handler
   80 0000008C 00000000        DCD              Default_Handler
   81 00000090 00000000        DCD              Default_Handler
   82 00000094 00000000        DCD              Default_Handler
   83 00000098 00000000        DCD              USCI0_IRQHandler
   84 0000009C 00000000        DCD              Default_Handler
   85 000000A0 00000000        DCD              DAC0_IRQHandler
   86 000000A4 00000000        DCD              ACMP01_IRQHandler
   87 000000A8 00000000        DCD              PDMA_IRQHandler
   88 000000AC 00000000        DCD              USCI1_IRQHandler
   89 000000B0 00000000        DCD              PWRWU_IRQHandler
   90 000000B4 00000000        DCD              ADC_IRQHandler
   91 000000B8 00000000        DCD              CKFAIL_IRQHandler
   92 000000BC 00000000        DCD              Default_Handler
   93 000000C0         
   94 000000C0                 AREA             |.text|, CODE, READONLY
   95 00000000         
   96 00000000         ; Reset Handler
   97 00000000         
   98 00000000                 ENTRY
   99 00000000         
  100 00000000         Reset_Handler
                               PROC
  101 00000000                 EXPORT           Reset_Handler             [WEAK
]
  102 00000000                 IMPORT           SystemInit
  103 00000000                 IMPORT           __main
  104 00000000         
  105 00000000 4804            LDR              R0, =SystemInit



ARM Macro Assembler    Page 3 


  106 00000002 4780            BLX              R0
  107 00000004 4804            LDR              R0, =__main
  108 00000006 4700            BX               R0
  109 00000008                 ENDP
  110 00000008         
  111 00000008         
  112 00000008         
  113 00000008         ; Dummy Exception Handlers (infinite loops which can be 
                       modified)
  114 00000008         
  115 00000008         NMI_Handler
                               PROC
  116 00000008                 EXPORT           NMI_Handler               [WEAK
]
  117 00000008 E7FE            B                .
  118 0000000A                 ENDP
  120 0000000A         HardFault_Handler
                               PROC
  121 0000000A                 EXPORT           HardFault_Handler         [WEAK
]
  122 0000000A E7FE            B                .
  123 0000000C                 ENDP
  124 0000000C         SVC_Handler
                               PROC
  125 0000000C                 EXPORT           SVC_Handler               [WEAK
]
  126 0000000C E7FE            B                .
  127 0000000E                 ENDP
  128 0000000E         PendSV_Handler
                               PROC
  129 0000000E                 EXPORT           PendSV_Handler            [WEAK
]
  130 0000000E E7FE            B                .
  131 00000010                 ENDP
  132 00000010         SysTick_Handler
                               PROC
  133 00000010                 EXPORT           SysTick_Handler           [WEAK
]
  134 00000010 E7FE            B                .
  135 00000012                 ENDP
  136 00000012         
  137 00000012         Default_Handler
                               PROC
  138 00000012         
  139 00000012                 EXPORT           BOD_IRQHandler            [WEAK
]
  140 00000012                 EXPORT           WDT_IRQHandler            [WEAK
]
  141 00000012                 EXPORT           EINT024_IRQHandler        [WEAK
]
  142 00000012                 EXPORT           EINT135_IRQHandler        [WEAK
]
  143 00000012                 EXPORT           GPAB_IRQHandler           [WEAK
]
  144 00000012                 EXPORT           GPCD_IRQHandler           [WEAK
]
  145 00000012                 EXPORT           PWM0_IRQHandler           [WEAK
]
  146 00000012                 EXPORT           TMR0_IRQHandler           [WEAK



ARM Macro Assembler    Page 4 


]
  147 00000012                 EXPORT           TMR1_IRQHandler           [WEAK
]
  148 00000012                 EXPORT           TMR2_IRQHandler           [WEAK
]
  149 00000012                 EXPORT           TMR3_IRQHandler           [WEAK
]
  150 00000012                 EXPORT           UART0_IRQHandler          [WEAK
]
  151 00000012                 EXPORT           UART1_IRQHandler          [WEAK
]
  152 00000012                 EXPORT           CAN0_IRQHandler           [WEAK
]
  153 00000012                 EXPORT           USCI0_IRQHandler          [WEAK
]
  154 00000012                 EXPORT           DAC0_IRQHandler           [WEAK
]
  155 00000012                 EXPORT           ACMP01_IRQHandler         [WEAK
]
  156 00000012                 EXPORT           PDMA_IRQHandler           [WEAK
]
  157 00000012                 EXPORT           USCI1_IRQHandler          [WEAK
]
  158 00000012                 EXPORT           PWRWU_IRQHandler          [WEAK
]
  159 00000012                 EXPORT           ADC_IRQHandler            [WEAK
]
  160 00000012                 EXPORT           CKFAIL_IRQHandler        [WEAK]
  161 00000012         
  162 00000012         BOD_IRQHandler
  163 00000012         WDT_IRQHandler
  164 00000012         EINT024_IRQHandler
  165 00000012         EINT135_IRQHandler
  166 00000012         GPAB_IRQHandler
  167 00000012         GPCD_IRQHandler
  168 00000012         PWM0_IRQHandler
  169 00000012         TMR0_IRQHandler
  170 00000012         TMR1_IRQHandler
  171 00000012         TMR2_IRQHandler
  172 00000012         TMR3_IRQHandler
  173 00000012         UART0_IRQHandler
  174 00000012         UART1_IRQHandler
  175 00000012         CAN0_IRQHandler
  176 00000012         USCI0_IRQHandler
  177 00000012         DAC0_IRQHandler
  178 00000012         ACMP01_IRQHandler
  179 00000012         PDMA_IRQHandler
  180 00000012         USCI1_IRQHandler
  181 00000012         PWRWU_IRQHandler
  182 00000012         ADC_IRQHandler
  183 00000012         CKFAIL_IRQHandler
  184 00000012         
  185 00000012 E7FE            B                .
  186 00000014                 ENDP
  187 00000014         
  188 00000014                 ALIGN
  189 00000014         
  190 00000014         ; User Initial Stack & Heap
  191 00000014         



ARM Macro Assembler    Page 5 


  192 00000014                 IF               :DEF:__MICROLIB
  193 00000014         
  194 00000014                 EXPORT           __initial_sp
  195 00000014                 EXPORT           __heap_base
  196 00000014                 EXPORT           __heap_limit
  197 00000014         
  198 00000014                 ELSE
  212                          ENDIF
  213 00000014         
  214 00000014                 END
              00000000 
              00000000 
Command Line: --16 --debug --xref --diag_suppress=9931 --cpu=Cortex-M0 --apcs=i
nterwork --depend=.\obj\startup_m0a21.d -o.\obj\startup_m0a21.o -I.\RTE\_TIMER_
FreeCountingMode -IC:\Users\cody_chen\AppData\Local\Arm\Packs\ARM\CMSIS\5.9.0\C
MSIS\Core\Include -IC:\Users\cody_chen\AppData\Local\Arm\Packs\Nuvoton\NuMicro_
DFP\1.3.21\Device\M0A21\Include --predefine="__MICROLIB SETA 1" --predefine="__
UVISION_VERSION SETA 538" --predefine="_RTE_ SETA 1" --predefine="_RTE_ SETA 1"
 --list=.\lst\startup_m0a21.lst ..\..\..\..\Library\Device\Nuvoton\M0A21\Source
\ARM\startup_M0A21.s



ARM Macro Assembler    Page 1 Alphabetic symbol ordering
Relocatable symbols

STACK 00000000

Symbol: STACK
   Definitions
      At line 17 in file ..\..\..\..\Library\Device\Nuvoton\M0A21\Source\ARM\st
artup_M0A21.s
   Uses
      None
Comment: STACK unused
Stack_Mem 00000000

Symbol: Stack_Mem
   Definitions
      At line 18 in file ..\..\..\..\Library\Device\Nuvoton\M0A21\Source\ARM\st
artup_M0A21.s
   Uses
      None
Comment: Stack_Mem unused
__initial_sp 00000200

Symbol: __initial_sp
   Definitions
      At line 19 in file ..\..\..\..\Library\Device\Nuvoton\M0A21\Source\ARM\st
artup_M0A21.s
   Uses
      At line 42 in file ..\..\..\..\Library\Device\Nuvoton\M0A21\Source\ARM\st
artup_M0A21.s
      At line 194 in file ..\..\..\..\Library\Device\Nuvoton\M0A21\Source\ARM\s
tartup_M0A21.s

3 symbols



ARM Macro Assembler    Page 1 Alphabetic symbol ordering
Relocatable symbols

HEAP 00000000

Symbol: HEAP
   Definitions
      At line 28 in file ..\..\..\..\Library\Device\Nuvoton\M0A21\Source\ARM\st
artup_M0A21.s
   Uses
      None
Comment: HEAP unused
Heap_Mem 00000000

Symbol: Heap_Mem
   Definitions
      At line 30 in file ..\..\..\..\Library\Device\Nuvoton\M0A21\Source\ARM\st
artup_M0A21.s
   Uses
      None
Comment: Heap_Mem unused
__heap_base 00000000

Symbol: __heap_base
   Definitions
      At line 29 in file ..\..\..\..\Library\Device\Nuvoton\M0A21\Source\ARM\st
artup_M0A21.s
   Uses
      At line 195 in file ..\..\..\..\Library\Device\Nuvoton\M0A21\Source\ARM\s
tartup_M0A21.s
Comment: __heap_base used once
__heap_limit 00000000

Symbol: __heap_limit
   Definitions
      At line 31 in file ..\..\..\..\Library\Device\Nuvoton\M0A21\Source\ARM\st
artup_M0A21.s
   Uses
      At line 196 in file ..\..\..\..\Library\Device\Nuvoton\M0A21\Source\ARM\s
tartup_M0A21.s
Comment: __heap_limit used once
4 symbols



ARM Macro Assembler    Page 1 Alphabetic symbol ordering
Relocatable symbols

RESET 00000000

Symbol: RESET
   Definitions
      At line 39 in file ..\..\..\..\Library\Device\Nuvoton\M0A21\Source\ARM\st
artup_M0A21.s
   Uses
      None
Comment: RESET unused
__Vectors 00000000

Symbol: __Vectors
   Definitions
      At line 42 in file ..\..\..\..\Library\Device\Nuvoton\M0A21\Source\ARM\st
artup_M0A21.s
   Uses
      At line 40 in file ..\..\..\..\Library\Device\Nuvoton\M0A21\Source\ARM\st
artup_M0A21.s
Comment: __Vectors used once
2 symbols



ARM Macro Assembler    Page 1 Alphabetic symbol ordering
Relocatable symbols

.text 00000000

Symbol: .text
   Definitions
      At line 94 in file ..\..\..\..\Library\Device\Nuvoton\M0A21\Source\ARM\st
artup_M0A21.s
   Uses
      None
Comment: .text unused
ACMP01_IRQHandler 00000012

Symbol: ACMP01_IRQHandler
   Definitions
      At line 178 in file ..\..\..\..\Library\Device\Nuvoton\M0A21\Source\ARM\s
tartup_M0A21.s
   Uses
      At line 86 in file ..\..\..\..\Library\Device\Nuvoton\M0A21\Source\ARM\st
artup_M0A21.s
      At line 155 in file ..\..\..\..\Library\Device\Nuvoton\M0A21\Source\ARM\s
tartup_M0A21.s

ADC_IRQHandler 00000012

Symbol: ADC_IRQHandler
   Definitions
      At line 182 in file ..\..\..\..\Library\Device\Nuvoton\M0A21\Source\ARM\s
tartup_M0A21.s
   Uses
      At line 90 in file ..\..\..\..\Library\Device\Nuvoton\M0A21\Source\ARM\st
artup_M0A21.s
      At line 159 in file ..\..\..\..\Library\Device\Nuvoton\M0A21\Source\ARM\s
tartup_M0A21.s

BOD_IRQHandler 00000012

Symbol: BOD_IRQHandler
   Definitions
      At line 162 in file ..\..\..\..\Library\Device\Nuvoton\M0A21\Source\ARM\s
tartup_M0A21.s
   Uses
      At line 61 in file ..\..\..\..\Library\Device\Nuvoton\M0A21\Source\ARM\st
artup_M0A21.s
      At line 139 in file ..\..\..\..\Library\Device\Nuvoton\M0A21\Source\ARM\s
tartup_M0A21.s

CAN0_IRQHandler 00000012

Symbol: CAN0_IRQHandler
   Definitions
      At line 175 in file ..\..\..\..\Library\Device\Nuvoton\M0A21\Source\ARM\s
tartup_M0A21.s
   Uses
      At line 76 in file ..\..\..\..\Library\Device\Nuvoton\M0A21\Source\ARM\st
artup_M0A21.s
      At line 152 in file ..\..\..\..\Library\Device\Nuvoton\M0A21\Source\ARM\s
tartup_M0A21.s

CKFAIL_IRQHandler 00000012




ARM Macro Assembler    Page 2 Alphabetic symbol ordering
Relocatable symbols

Symbol: CKFAIL_IRQHandler
   Definitions
      At line 183 in file ..\..\..\..\Library\Device\Nuvoton\M0A21\Source\ARM\s
tartup_M0A21.s
   Uses
      At line 91 in file ..\..\..\..\Library\Device\Nuvoton\M0A21\Source\ARM\st
artup_M0A21.s
      At line 160 in file ..\..\..\..\Library\Device\Nuvoton\M0A21\Source\ARM\s
tartup_M0A21.s

DAC0_IRQHandler 00000012

Symbol: DAC0_IRQHandler
   Definitions
      At line 177 in file ..\..\..\..\Library\Device\Nuvoton\M0A21\Source\ARM\s
tartup_M0A21.s
   Uses
      At line 85 in file ..\..\..\..\Library\Device\Nuvoton\M0A21\Source\ARM\st
artup_M0A21.s
      At line 154 in file ..\..\..\..\Library\Device\Nuvoton\M0A21\Source\ARM\s
tartup_M0A21.s

Default_Handler 00000012

Symbol: Default_Handler
   Definitions
      At line 137 in file ..\..\..\..\Library\Device\Nuvoton\M0A21\Source\ARM\s
tartup_M0A21.s
   Uses
      At line 68 in file ..\..\..\..\Library\Device\Nuvoton\M0A21\Source\ARM\st
artup_M0A21.s
      At line 75 in file ..\..\..\..\Library\Device\Nuvoton\M0A21\Source\ARM\st
artup_M0A21.s
      At line 77 in file ..\..\..\..\Library\Device\Nuvoton\M0A21\Source\ARM\st
artup_M0A21.s
      At line 78 in file ..\..\..\..\Library\Device\Nuvoton\M0A21\Source\ARM\st
artup_M0A21.s
      At line 79 in file ..\..\..\..\Library\Device\Nuvoton\M0A21\Source\ARM\st
artup_M0A21.s
      At line 80 in file ..\..\..\..\Library\Device\Nuvoton\M0A21\Source\ARM\st
artup_M0A21.s
      At line 81 in file ..\..\..\..\Library\Device\Nuvoton\M0A21\Source\ARM\st
artup_M0A21.s
      At line 82 in file ..\..\..\..\Library\Device\Nuvoton\M0A21\Source\ARM\st
artup_M0A21.s
      At line 84 in file ..\..\..\..\Library\Device\Nuvoton\M0A21\Source\ARM\st
artup_M0A21.s
      At line 92 in file ..\..\..\..\Library\Device\Nuvoton\M0A21\Source\ARM\st
artup_M0A21.s

EINT024_IRQHandler 00000012

Symbol: EINT024_IRQHandler
   Definitions
      At line 164 in file ..\..\..\..\Library\Device\Nuvoton\M0A21\Source\ARM\s
tartup_M0A21.s
   Uses
      At line 63 in file ..\..\..\..\Library\Device\Nuvoton\M0A21\Source\ARM\st
artup_M0A21.s



ARM Macro Assembler    Page 3 Alphabetic symbol ordering
Relocatable symbols

      At line 141 in file ..\..\..\..\Library\Device\Nuvoton\M0A21\Source\ARM\s
tartup_M0A21.s

EINT135_IRQHandler 00000012

Symbol: EINT135_IRQHandler
   Definitions
      At line 165 in file ..\..\..\..\Library\Device\Nuvoton\M0A21\Source\ARM\s
tartup_M0A21.s
   Uses
      At line 64 in file ..\..\..\..\Library\Device\Nuvoton\M0A21\Source\ARM\st
artup_M0A21.s
      At line 142 in file ..\..\..\..\Library\Device\Nuvoton\M0A21\Source\ARM\s
tartup_M0A21.s

GPAB_IRQHandler 00000012

Symbol: GPAB_IRQHandler
   Definitions
      At line 166 in file ..\..\..\..\Library\Device\Nuvoton\M0A21\Source\ARM\s
tartup_M0A21.s
   Uses
      At line 65 in file ..\..\..\..\Library\Device\Nuvoton\M0A21\Source\ARM\st
artup_M0A21.s
      At line 143 in file ..\..\..\..\Library\Device\Nuvoton\M0A21\Source\ARM\s
tartup_M0A21.s

GPCD_IRQHandler 00000012

Symbol: GPCD_IRQHandler
   Definitions
      At line 167 in file ..\..\..\..\Library\Device\Nuvoton\M0A21\Source\ARM\s
tartup_M0A21.s
   Uses
      At line 66 in file ..\..\..\..\Library\Device\Nuvoton\M0A21\Source\ARM\st
artup_M0A21.s
      At line 144 in file ..\..\..\..\Library\Device\Nuvoton\M0A21\Source\ARM\s
tartup_M0A21.s

HardFault_Handler 0000000A

Symbol: HardFault_Handler
   Definitions
      At line 120 in file ..\..\..\..\Library\Device\Nuvoton\M0A21\Source\ARM\s
tartup_M0A21.s
   Uses
      At line 45 in file ..\..\..\..\Library\Device\Nuvoton\M0A21\Source\ARM\st
artup_M0A21.s
      At line 121 in file ..\..\..\..\Library\Device\Nuvoton\M0A21\Source\ARM\s
tartup_M0A21.s

NMI_Handler 00000008

Symbol: NMI_Handler
   Definitions
      At line 115 in file ..\..\..\..\Library\Device\Nuvoton\M0A21\Source\ARM\s
tartup_M0A21.s
   Uses
      At line 44 in file ..\..\..\..\Library\Device\Nuvoton\M0A21\Source\ARM\st



ARM Macro Assembler    Page 4 Alphabetic symbol ordering
Relocatable symbols

artup_M0A21.s
      At line 116 in file ..\..\..\..\Library\Device\Nuvoton\M0A21\Source\ARM\s
tartup_M0A21.s

PDMA_IRQHandler 00000012

Symbol: PDMA_IRQHandler
   Definitions
      At line 179 in file ..\..\..\..\Library\Device\Nuvoton\M0A21\Source\ARM\s
tartup_M0A21.s
   Uses
      At line 87 in file ..\..\..\..\Library\Device\Nuvoton\M0A21\Source\ARM\st
artup_M0A21.s
      At line 156 in file ..\..\..\..\Library\Device\Nuvoton\M0A21\Source\ARM\s
tartup_M0A21.s

PWM0_IRQHandler 00000012

Symbol: PWM0_IRQHandler
   Definitions
      At line 168 in file ..\..\..\..\Library\Device\Nuvoton\M0A21\Source\ARM\s
tartup_M0A21.s
   Uses
      At line 67 in file ..\..\..\..\Library\Device\Nuvoton\M0A21\Source\ARM\st
artup_M0A21.s
      At line 145 in file ..\..\..\..\Library\Device\Nuvoton\M0A21\Source\ARM\s
tartup_M0A21.s

PWRWU_IRQHandler 00000012

Symbol: PWRWU_IRQHandler
   Definitions
      At line 181 in file ..\..\..\..\Library\Device\Nuvoton\M0A21\Source\ARM\s
tartup_M0A21.s
   Uses
      At line 89 in file ..\..\..\..\Library\Device\Nuvoton\M0A21\Source\ARM\st
artup_M0A21.s
      At line 158 in file ..\..\..\..\Library\Device\Nuvoton\M0A21\Source\ARM\s
tartup_M0A21.s

PendSV_Handler 0000000E

Symbol: PendSV_Handler
   Definitions
      At line 128 in file ..\..\..\..\Library\Device\Nuvoton\M0A21\Source\ARM\s
tartup_M0A21.s
   Uses
      At line 56 in file ..\..\..\..\Library\Device\Nuvoton\M0A21\Source\ARM\st
artup_M0A21.s
      At line 129 in file ..\..\..\..\Library\Device\Nuvoton\M0A21\Source\ARM\s
tartup_M0A21.s

Reset_Handler 00000000

Symbol: Reset_Handler
   Definitions
      At line 100 in file ..\..\..\..\Library\Device\Nuvoton\M0A21\Source\ARM\s
tartup_M0A21.s
   Uses



ARM Macro Assembler    Page 5 Alphabetic symbol ordering
Relocatable symbols

      At line 43 in file ..\..\..\..\Library\Device\Nuvoton\M0A21\Source\ARM\st
artup_M0A21.s
      At line 101 in file ..\..\..\..\Library\Device\Nuvoton\M0A21\Source\ARM\s
tartup_M0A21.s

SVC_Handler 0000000C

Symbol: SVC_Handler
   Definitions
      At line 124 in file ..\..\..\..\Library\Device\Nuvoton\M0A21\Source\ARM\s
tartup_M0A21.s
   Uses
      At line 53 in file ..\..\..\..\Library\Device\Nuvoton\M0A21\Source\ARM\st
artup_M0A21.s
      At line 125 in file ..\..\..\..\Library\Device\Nuvoton\M0A21\Source\ARM\s
tartup_M0A21.s

SysTick_Handler 00000010

Symbol: SysTick_Handler
   Definitions
      At line 132 in file ..\..\..\..\Library\Device\Nuvoton\M0A21\Source\ARM\s
tartup_M0A21.s
   Uses
      At line 57 in file ..\..\..\..\Library\Device\Nuvoton\M0A21\Source\ARM\st
artup_M0A21.s
      At line 133 in file ..\..\..\..\Library\Device\Nuvoton\M0A21\Source\ARM\s
tartup_M0A21.s

TMR0_IRQHandler 00000012

Symbol: TMR0_IRQHandler
   Definitions
      At line 169 in file ..\..\..\..\Library\Device\Nuvoton\M0A21\Source\ARM\s
tartup_M0A21.s
   Uses
      At line 69 in file ..\..\..\..\Library\Device\Nuvoton\M0A21\Source\ARM\st
artup_M0A21.s
      At line 146 in file ..\..\..\..\Library\Device\Nuvoton\M0A21\Source\ARM\s
tartup_M0A21.s

TMR1_IRQHandler 00000012

Symbol: TMR1_IRQHandler
   Definitions
      At line 170 in file ..\..\..\..\Library\Device\Nuvoton\M0A21\Source\ARM\s
tartup_M0A21.s
   Uses
      At line 70 in file ..\..\..\..\Library\Device\Nuvoton\M0A21\Source\ARM\st
artup_M0A21.s
      At line 147 in file ..\..\..\..\Library\Device\Nuvoton\M0A21\Source\ARM\s
tartup_M0A21.s

TMR2_IRQHandler 00000012

Symbol: TMR2_IRQHandler
   Definitions
      At line 171 in file ..\..\..\..\Library\Device\Nuvoton\M0A21\Source\ARM\s
tartup_M0A21.s



ARM Macro Assembler    Page 6 Alphabetic symbol ordering
Relocatable symbols

   Uses
      At line 71 in file ..\..\..\..\Library\Device\Nuvoton\M0A21\Source\ARM\st
artup_M0A21.s
      At line 148 in file ..\..\..\..\Library\Device\Nuvoton\M0A21\Source\ARM\s
tartup_M0A21.s

TMR3_IRQHandler 00000012

Symbol: TMR3_IRQHandler
   Definitions
      At line 172 in file ..\..\..\..\Library\Device\Nuvoton\M0A21\Source\ARM\s
tartup_M0A21.s
   Uses
      At line 72 in file ..\..\..\..\Library\Device\Nuvoton\M0A21\Source\ARM\st
artup_M0A21.s
      At line 149 in file ..\..\..\..\Library\Device\Nuvoton\M0A21\Source\ARM\s
tartup_M0A21.s

UART0_IRQHandler 00000012

Symbol: UART0_IRQHandler
   Definitions
      At line 173 in file ..\..\..\..\Library\Device\Nuvoton\M0A21\Source\ARM\s
tartup_M0A21.s
   Uses
      At line 73 in file ..\..\..\..\Library\Device\Nuvoton\M0A21\Source\ARM\st
artup_M0A21.s
      At line 150 in file ..\..\..\..\Library\Device\Nuvoton\M0A21\Source\ARM\s
tartup_M0A21.s

UART1_IRQHandler 00000012

Symbol: UART1_IRQHandler
   Definitions
      At line 174 in file ..\..\..\..\Library\Device\Nuvoton\M0A21\Source\ARM\s
tartup_M0A21.s
   Uses
      At line 74 in file ..\..\..\..\Library\Device\Nuvoton\M0A21\Source\ARM\st
artup_M0A21.s
      At line 151 in file ..\..\..\..\Library\Device\Nuvoton\M0A21\Source\ARM\s
tartup_M0A21.s

USCI0_IRQHandler 00000012

Symbol: USCI0_IRQHandler
   Definitions
      At line 176 in file ..\..\..\..\Library\Device\Nuvoton\M0A21\Source\ARM\s
tartup_M0A21.s
   Uses
      At line 83 in file ..\..\..\..\Library\Device\Nuvoton\M0A21\Source\ARM\st
artup_M0A21.s
      At line 153 in file ..\..\..\..\Library\Device\Nuvoton\M0A21\Source\ARM\s
tartup_M0A21.s

USCI1_IRQHandler 00000012

Symbol: USCI1_IRQHandler
   Definitions
      At line 180 in file ..\..\..\..\Library\Device\Nuvoton\M0A21\Source\ARM\s



ARM Macro Assembler    Page 7 Alphabetic symbol ordering
Relocatable symbols

tartup_M0A21.s
   Uses
      At line 88 in file ..\..\..\..\Library\Device\Nuvoton\M0A21\Source\ARM\st
artup_M0A21.s
      At line 157 in file ..\..\..\..\Library\Device\Nuvoton\M0A21\Source\ARM\s
tartup_M0A21.s

WDT_IRQHandler 00000012

Symbol: WDT_IRQHandler
   Definitions
      At line 163 in file ..\..\..\..\Library\Device\Nuvoton\M0A21\Source\ARM\s
tartup_M0A21.s
   Uses
      At line 62 in file ..\..\..\..\Library\Device\Nuvoton\M0A21\Source\ARM\st
artup_M0A21.s
      At line 140 in file ..\..\..\..\Library\Device\Nuvoton\M0A21\Source\ARM\s
tartup_M0A21.s

30 symbols



ARM Macro Assembler    Page 1 Alphabetic symbol ordering
Absolute symbols

Heap_Size 00000000

Symbol: Heap_Size
   Definitions
      At line 26 in file ..\..\..\..\Library\Device\Nuvoton\M0A21\Source\ARM\st
artup_M0A21.s
   Uses
      At line 30 in file ..\..\..\..\Library\Device\Nuvoton\M0A21\Source\ARM\st
artup_M0A21.s
Comment: Heap_Size used once
Stack_Size 00000200

Symbol: Stack_Size
   Definitions
      At line 14 in file ..\..\..\..\Library\Device\Nuvoton\M0A21\Source\ARM\st
artup_M0A21.s
   Uses
      At line 18 in file ..\..\..\..\Library\Device\Nuvoton\M0A21\Source\ARM\st
artup_M0A21.s
Comment: Stack_Size used once
2 symbols



ARM Macro Assembler    Page 1 Alphabetic symbol ordering
External symbols

SystemInit 00000000

Symbol: SystemInit
   Definitions
      At line 102 in file ..\..\..\..\Library\Device\Nuvoton\M0A21\Source\ARM\s
tartup_M0A21.s
   Uses
      At line 105 in file ..\..\..\..\Library\Device\Nuvoton\M0A21\Source\ARM\s
tartup_M0A21.s
Comment: SystemInit used once
__main 00000000

Symbol: __main
   Definitions
      At line 103 in file ..\..\..\..\Library\Device\Nuvoton\M0A21\Source\ARM\s
tartup_M0A21.s
   Uses
      At line 107 in file ..\..\..\..\Library\Device\Nuvoton\M0A21\Source\ARM\s
tartup_M0A21.s
Comment: __main used once
2 symbols
380 symbols in table
