Build started 2020/10/5 上午 10:39:00.
     1>Project "F:\FastCodingArea\I_PEL3\I_PEL3_V0101\I_PEL3_V0100\I_PEL3_V0100.vcxproj" on node 2 (build target(s)).
     1>InitializeBuildStatus:
         Creating "Debug\I_PEL3_V0101.unsuccessfulbuild" because "AlwaysCreate" was specified.
       GenerateTargetFrameworkMonikerAttribute:
       Skipping target "GenerateTargetFrameworkMonikerAttribute" because all output files are up-to-date with respect to the input files.
       ClCompile:
         D:\Program Files\Microsoft Visual Studio 10.0\VC\bin\CL.exe /c /AI"C:\Program Files (x86)\Reference Assemblies\Microsoft\Framework\.NETFramework\v4.0" /Zi /clr:pure /nologo /W3 /WX- /Od /Oy- /D WIN32 /D _DEBUG /D _UNICODE /D UNICODE /EHa /MDd /GS /fp:precise /Zc:wchar_t /Zc:forScope /Yc"StdAfx.h" /Fp"Debug\I_PEL3_V0101.pch" /Fo"Debug\\" /Fd"Debug\vc100.pdb" /TP /FU"C:\Program Files (x86)\Reference Assemblies\Microsoft\Framework\.NETFramework\v4.0\System.Core.dll" /FU"C:\Program Files (x86)\Reference Assemblies\Microsoft\Framework\.NETFramework\v4.0\System.Data.dll" /FU"C:\Program Files (x86)\Reference Assemblies\Microsoft\Framework\.NETFramework\v4.0\System.dll" /FU"C:\Program Files (x86)\Reference Assemblies\Microsoft\Framework\.NETFramework\v4.0\System.Drawing.dll" /FU"C:\Program Files (x86)\Reference Assemblies\Microsoft\Framework\.NETFramework\v4.0\System.Windows.Forms.dll" /FU"C:\Program Files (x86)\Reference Assemblies\Microsoft\Framework\.NETFramework\v4.0\System.Xml.dll" /analyze- /errorReport:prompt stdafx.cpp /clr:nostdlib 
         stdafx.cpp
         D:\Program Files\Microsoft Visual Studio 10.0\VC\bin\CL.exe /c /AI"C:\Program Files (x86)\Reference Assemblies\Microsoft\Framework\.NETFramework\v4.0" /Zi /clr:pure /nologo /W3 /WX- /Od /Oy- /D WIN32 /D _DEBUG /D _UNICODE /D UNICODE /EHa /MDd /GS /fp:precise /Zc:wchar_t /Zc:forScope /Yu"StdAfx.h" /Fp"Debug\I_PEL3_V0101.pch" /Fo"Debug\\" /Fd"Debug\vc100.pdb" /TP /FU"C:\Program Files (x86)\Reference Assemblies\Microsoft\Framework\.NETFramework\v4.0\System.Core.dll" /FU"C:\Program Files (x86)\Reference Assemblies\Microsoft\Framework\.NETFramework\v4.0\System.Data.dll" /FU"C:\Program Files (x86)\Reference Assemblies\Microsoft\Framework\.NETFramework\v4.0\System.dll" /FU"C:\Program Files (x86)\Reference Assemblies\Microsoft\Framework\.NETFramework\v4.0\System.Drawing.dll" /FU"C:\Program Files (x86)\Reference Assemblies\Microsoft\Framework\.NETFramework\v4.0\System.Windows.Forms.dll" /FU"C:\Program Files (x86)\Reference Assemblies\Microsoft\Framework\.NETFramework\v4.0\System.Xml.dll" /analyze- /errorReport:prompt AssemblyInfo.cpp include\tmInitialSettings.cpp include\tmUART.cpp I_PEL3_V0100.cpp MD.cpp tmHMIProcess.cpp /clr:nostdlib 
         AssemblyInfo.cpp
         tmInitialSettings.cpp
         tmUART.cpp
         I_PEL3_V0100.cpp
         MD.cpp
         tmHMIProcess.cpp
         Generating Code...
         All outputs are up-to-date.
       CoreResGen:
         "C:\Program Files (x86)\Microsoft SDKs\Windows\v7.0A\bin\NETFX 4.0 Tools\resgen.exe" /useSourcePath /r:"C:\Program Files (x86)\Reference Assemblies\Microsoft\Framework\.NETFramework\v4.0\System.Core.dll" /r:"C:\Program Files (x86)\Reference Assemblies\Microsoft\Framework\.NETFramework\v4.0\System.Data.dll" /r:"C:\Program Files (x86)\Reference Assemblies\Microsoft\Framework\.NETFramework\v4.0\System.dll" /r:"C:\Program Files (x86)\Reference Assemblies\Microsoft\Framework\.NETFramework\v4.0\System.Drawing.dll" /r:"C:\Program Files (x86)\Reference Assemblies\Microsoft\Framework\.NETFramework\v4.0\System.Windows.Forms.dll" /r:"C:\Program Files (x86)\Reference Assemblies\Microsoft\Framework\.NETFramework\v4.0\System.Xml.dll" /compile Form1.resX,Debug\I_PEL3_V0100.Form1.resources
         Processing resource file "Form1.resX" into "Debug\I_PEL3_V0100.Form1.resources".
       ResourceCompile:
         C:\Program Files (x86)\Microsoft SDKs\Windows\v7.0A\bin\rc.exe /D _UNICODE /D UNICODE /l"0x0409" /nologo /fo"Debug\app.res" app.rc 
       Link:
         D:\Program Files\Microsoft Visual Studio 10.0\VC\bin\link.exe /ERRORREPORT:PROMPT /OUT:"F:\FastCodingArea\I_PEL3\I_PEL3_V0101\Debug\I_PEL3_V0101.exe" /INCREMENTAL /NOLOGO /ASSEMBLYRESOURCE:Debug\I_PEL3_V0100.Form1.resources /MANIFEST /ManifestFile:"Debug\I_PEL3_V0101.exe.intermediate.manifest" /MANIFESTUAC:"level='asInvoker' uiAccess='false'" /DEBUG /PDB:"F:\FastCodingArea\I_PEL3\I_PEL3_V0101\Debug\I_PEL3_V0101.pdb" /ASSEMBLYDEBUG /SUBSYSTEM:WINDOWS /TLBID:1 /ENTRY:"main" /DYNAMICBASE /FIXED:NO /NXCOMPAT /MACHINE:X86 Debug\app.res
         Debug\AssemblyInfo.obj
         Debug\tmInitialSettings.obj
         Debug\tmUART.obj
         Debug\I_PEL3_V0100.obj
         Debug\MD.obj
         Debug\stdafx.obj
         Debug\tmHMIProcess.obj
         "Debug\.NETFramework,Version=v4.0.AssemblyAttributes.obj"
         I_PEL3_V0100.vcxproj -> F:\FastCodingArea\I_PEL3\I_PEL3_V0101\Debug\I_PEL3_V0101.exe
       Manifest:
         C:\Program Files (x86)\Microsoft SDKs\Windows\v7.0A\bin\mt.exe /nologo /verbose /outputresource:"F:\FastCodingArea\I_PEL3\I_PEL3_V0101\Debug\I_PEL3_V0101.exe;#1" /manifest Debug\I_PEL3_V0101.exe.intermediate.manifest
       FinalizeBuildStatus:
         Deleting file "Debug\I_PEL3_V0101.unsuccessfulbuild".
         Touching "Debug\I_PEL3_V0101.lastbuildstate".
     1>Done Building Project "F:\FastCodingArea\I_PEL3\I_PEL3_V0101\I_PEL3_V0100\I_PEL3_V0100.vcxproj" (build target(s)).

Build succeeded.

Time Elapsed 00:00:14.97
