P-CAD 2002 Schematic(v17.01.22) 'C:\Users\roger_lin\Desktop\SVN_WP\0_TI\C2000\ASR5000\ASR-5075A_0 20241129.sch': SchMainFrame.cpp (5265) at Mon May 19 10:17:25 2025
P-CAD 2002 Schematic(v17.01.22) 'C:\Users\roger_lin\Desktop\SVN_WP\0_TI\C2000\ASR5000\ASR-5075A_0 20241129.sch': SchMainFrame.cpp (5265) at Thu Jun 05 16:57:27 2025
P-CAD 2002 Schematic(v17.01.22) 'C:\Users\roger_lin\Desktop\SVN_WP\0_TI\C2000\ASR5000\ASR-5075A_0 20241129.sch': SchMainFrame.cpp (5265) at Thu Jun 05 17:07:55 2025
P-CAD 2002 Schematic(v17.01.22) 'C:\Users\roger_lin\Desktop\SVN_WP\0_TI\C2000\ASR5000\ASR-5075A_0 20241129.sch': SchMainFrame.cpp (5265) at Thu Jun 05 17:09:14 2025
P-CAD 2002 Schematic(v17.01.22) 'C:\Users\roger_lin\Desktop\SVN_WP\0_TI\C2000\ASR5000\ASR-5075A_0 20241129.sch': SchMainFrame.cpp (5265) at Thu Jun 05 17:11:13 2025
P-CAD 2002 Schematic(v17.01.22) 'C:\Users\roger_lin\Desktop\SVN_WP\0_TI\C2000\ASR5000\ASR-5075A_0 20241129.sch': SchMainFrame.cpp (5265) at Thu Jun 05 17:16:49 2025
P-CAD 2002 Schematic(v17.01.22) 'C:\Users\roger_lin\Desktop\SVN_WP\0_TI\C2000\ASR5000\ASR-5075A_0 20241129.sch': SchMainFrame.cpp (5265) at Thu Jun 05 17:27:34 2025
P-CAD 2002 Schematic(v17.01.22) 'C:\Users\roger_lin\Desktop\SVN_WP\0_TI\C2000\ASR5000\ASR-5075A_0 20241129.sch': SchMainFrame.cpp (5265) at Wed Jun 18 14:01:53 2025
P-CAD 2002 Schematic(v17.01.22) 'C:\Users\roger_lin\Desktop\SVN_WP\0_TI\C2000\ASR5000\ASR-5075A_0 20241129.sch': SchMainFrame.cpp (5265) at Wed Jun 18 14:03:18 2025
P-CAD 2002 Schematic(v17.01.22) 'C:\Users\roger_lin\Desktop\SVN_WP\0_TI\C2000\ASR5000\ASR-5075A_0 20241129.sch': SchMainFrame.cpp (5265) at Wed Jun 25 18:15:51 2025
P-CAD 2002 Schematic(v17.01.22) 'C:\Users\roger_lin\Desktop\SVN_WP\0_TI\C2000\ASR5000\ASR-5075_ Main Power Board-S-V4.sch': SchMainFrame.cpp (5265) at Tue Jul 01 13:13:57 2025
P-CAD 2002 Schematic(v17.01.22) 'C:\Users\roger_lin\Desktop\SVN_WP\0_TI\C2000\ASR5000\ASR-5075_ Main Power Board-S-V4.sch': SchMainFrame.cpp (5265) at Wed Jul 02 13:49:44 2025
P-CAD 2002 Schematic(v17.01.22) 'C:\Users\roger_lin\Desktop\SVN_WP\0_TI\C2000\ASR5000\ASR-5075A_0 20241129.sch': SchMainFrame.cpp (5265) at Wed Jul 02 13:55:46 2025
P-CAD 2002 Schematic(v17.01.22) 'C:\Users\roger_lin\Desktop\SVN_WP\0_TI\C2000\ASR5000\ASR-5075A_0 20241129.sch': SchMainFrame.cpp (5265) at Wed Jul 02 15:06:41 2025
P-CAD 2002 Schematic(v17.01.22) 'C:\Users\roger_lin\Desktop\SVN_WP\0_TI\C2000\ASR5000\ASR-5075A_0 20241129.sch': SchMainFrame.cpp (5265) at Wed Jul 02 15:42:13 2025
P-CAD 2002 Schematic(v17.01.22) 'C:\Users\roger_lin\Desktop\SVN_WP\0_TI\C2000\ASR5000\ASR-5075A_0 20241129.sch': SchMainFrame.cpp (5265) at Wed Jul 02 15:53:56 2025
P-CAD 2002 Schematic(v17.01.22) 'C:\Users\roger_lin\Desktop\SVN_WP\0_TI\C2000\ASR5000\ASR-5075A_0 20241129.sch': SchMainFrame.cpp (5265) at Thu Jul 03 13:08:22 2025
P-CAD 2002 Schematic(v17.01.22) 'C:\Users\roger_lin\Desktop\SVN_WP\0_TI\C2000\ASR5000\ASR-5075A_0 20241129.sch': SchMainFrame.cpp (5265) at Thu Jul 03 14:26:36 2025
P-CAD 2002 Schematic(v17.01.22) 'C:\Users\roger_lin\Desktop\SVN_WP\0_TI\C2000\ASR5000\ASR-5075A_0 20241129.sch': SchMainFrame.cpp (5265) at Mon Jul 07 11:11:03 2025
P-CAD 2002 Schematic(v17.01.22) 'C:\Users\roger_lin\Desktop\SVN_WP\0_TI\C2000\ASR5000\ASR-5075A_0 20241129.sch': SchMainFrame.cpp (5265) at Mon Jul 07 11:11:42 2025
P-CAD 2002 Schematic(v17.01.22) 'C:\Users\roger_lin\Desktop\SVN_WP\0_TI\C2000\ASR5000\ASR-5075A_0 20241129.sch': SchMainFrame.cpp (5265) at Mon Jul 07 11:13:53 2025
P-CAD 2002 Schematic(v17.01.22) 'C:\Users\roger_lin\Desktop\SVN_WP\0_TI\C2000\ASR5000\ASR-5075A_0 20241129.sch': SchMainFrame.cpp (5265) at Mon Jul 07 13:58:37 2025
P-CAD 2002 Schematic(v17.01.22) 'C:\Users\roger_lin\Desktop\SVN_WP\0_TI\C2000\ASR5000\ASR-5075A_0 20241129.sch': SchMainFrame.cpp (5265) at Mon Jul 21 10:24:21 2025
P-CAD 2002 PCB(v17.01.22) 'C:\Users\roger_lin\Desktop\SVN_WP\0_TI\C2000\ASR5000\ASR-5075_ Main Power Board-P-V4.pcb': PcbMainFrame.cpp (11237) at Thu Aug 07 13:54:11 2025
P-CAD 2002 PCB(v17.01.22) 'C:\Users\roger_lin\Desktop\SVN_WP\0_TI\C2000\ASR5000\ASR-5075_ Main Power Board-P-V4.pcb': PcbMainFrame.cpp (11237) at Thu Aug 07 13:54:31 2025
P-CAD 2002 PCB(v17.01.22) 'C:\Users\roger_lin\Desktop\SVN_WP\0_TI\C2000\ASR5000\ASR-5075_ Main Power Board-P-V4.pcb': PcbMainFrame.cpp (11237) at Thu Aug 07 16:29:26 2025
P-CAD 2002 Schematic(v17.01.22) 'C:\Users\roger_lin\Desktop\SVN_WP\0_TI\C2000\ASR5000\ASR-5075A_0 20241129.sch': SchMainFrame.cpp (5265) at Thu Aug 07 17:33:52 2025
P-CAD 2002 PCB(v17.01.22) 'C:\Users\roger_lin\Desktop\SVN_WP\0_TI\C2000\ASR5000\ASR-5075_ Main Power Board-P-V4.pcb': PcbMainFrame.cpp (11237) at Thu Aug 07 19:09:56 2025
P-CAD 2002 Schematic(v17.01.22) 'C:\Users\roger_lin\Desktop\ASR-5000_AM3352_V3\ASR-5000_AM3352-S-V3.sch': SchMainFrame.cpp (5265) at Mon Aug 11 18:16:29 2025
P-CAD 2002 Schematic(v17.01.22) 'C:\Users\roger_lin\Desktop\SVN_WP\0_TI\C2000\ASR5000\ASR-5075A_0 20241129.sch': SchMainFrame.cpp (5265) at Tue Aug 12 17:40:40 2025
P-CAD 2002 PCB(v17.01.22) 'C:\Users\roger_lin\Desktop\SVN_WP\0_TI\C2000\ASR5000\ASR-5075_ Main Power Board-P-V4.pcb': PcbMainFrame.cpp (11237) at Wed Aug 20 10:25:31 2025
P-CAD 2002 PCB(v17.01.22) 'C:\Users\roger_lin\Desktop\SVN_WP\0_TI\C2000\ASR5000\ASR-5075_ Main Power Board-P-V4.pcb': PcbMainFrame.cpp (11237) at Wed Aug 20 10:30:10 2025
P-CAD 2002 PCB(v17.01.22) 'C:\Users\roger_lin\Desktop\SVN_WP\0_TI\C2000\ASR5000\ASR-5075_ Main Power Board-P-V4.pcb': PcbMainFrame.cpp (11237) at Wed Aug 20 13:10:52 2025
P-CAD 2002 PCB(v17.01.22) 'C:\Users\roger_lin\Desktop\SVN_WP\0_TI\C2000\ASR5000\ASR-5075_ Main Power Board-P-V4.pcb': PcbMainFrame.cpp (11237) at Wed Aug 20 13:11:46 2025
P-CAD 2002 PCB(v17.01.22) 'C:\Users\roger_lin\Desktop\SVN_WP\0_TI\C2000\ASR5000\ASR-5075_ Main Power Board-P-V4.pcb': PcbMainFrame.cpp (11237) at Wed Aug 20 13:32:24 2025
P-CAD 2002 PCB(v17.01.22) 'C:\Users\roger_lin\Desktop\SVN_WP\0_TI\C2000\ASR5000\ASR-5075_ Main Power Board-P-V4.pcb': PcbMainFrame.cpp (11237) at Wed Aug 20 13:33:04 2025
P-CAD 2002 PCB(v17.01.22) 'C:\Users\roger_lin\Desktop\SVN_WP\0_TI\C2000\ASR5000\ASR-5075_ Main Power Board-P-V4.pcb': PcbMainFrame.cpp (11237) at Wed Aug 20 13:53:14 2025
P-CAD 2002 PCB(v17.01.22) 'C:\Users\roger_lin\Desktop\SVN_WP\0_TI\C2000\ASR5000\ASR-5075_ Main Power Board-P-V4.pcb': PcbMainFrame.cpp (11237) at Wed Aug 20 13:58:33 2025
P-CAD 2002 PCB(v17.01.22) 'C:\Users\roger_lin\Desktop\SVN_WP\0_TI\C2000\ASR5000\ASR-5075_ Main Power Board-P-V4.pcb': PcbMainFrame.cpp (11237) at Wed Aug 20 14:18:29 2025
P-CAD 2002 PCB(v17.01.22) 'C:\Users\roger_lin\Desktop\SVN_WP\0_TI\C2000\ASR5000\ASR-5075_ Main Power Board-P-V4.pcb': PcbMainFrame.cpp (11237) at Wed Aug 20 14:19:08 2025
P-CAD 2002 PCB(v17.01.22) 'C:\Users\roger_lin\Desktop\SVN_WP\0_TI\C2000\ASR5000\ASR-5075_ Main Power Board-P-V4.pcb': PcbMainFrame.cpp (11237) at Wed Aug 20 14:42:12 2025
P-CAD 2002 PCB(v17.01.22) 'C:\Users\roger_lin\Desktop\SVN_WP\0_TI\C2000\ASR5000\ASR-5075_ Main Power Board-P-V4.pcb': PcbMainFrame.cpp (11237) at Wed Aug 20 15:02:19 2025
P-CAD 2002 PCB(v17.01.22) 'C:\Users\roger_lin\Desktop\SVN_WP\0_TI\C2000\ASR5000\ASR-5075_ Main Power Board-P-V4.pcb': PcbMainFrame.cpp (11237) at Wed Aug 20 18:22:53 2025
P-CAD 2002 Schematic(v17.01.22) 'C:\Users\roger_lin\Desktop\SVN_WP\0_TI\C2000\ASR5000\ASR-5075A_0 20241129.sch': SchMainFrame.cpp (5265) at Mon Aug 25 18:10:57 2025
P-CAD 2002 PCB(v17.01.22) 'D:\SVN_WP\0_TI\C2000\ASR5000\ASR-5075_ Main Power Board-P-V4.pcb': PcbMainFrame.cpp (11237) at Tue Sep 02 16:45:13 2025
P-CAD 2002 Schematic(v17.01.22) 'D:\SVN_WP\0_TI\C2000\ASR5000\ASR-5075A_0 20241129.sch': SchMainFrame.cpp (5265) at Wed Sep 03 13:56:27 2025
P-CAD 2002 PCB(v17.01.22) 'D:\SVN_WP\0_TI\C2000\ASR5000\ASR-5075_ Main Power Board-P-V4.pcb': PcbMainFrame.cpp (11237) at Mon Sep 08 14:32:49 2025
P-CAD 2002 PCB(v17.01.22) 'D:\SVN_WP\0_TI\C2000\ASR5000\ASR-5075_ Main Power Board-P-V4.pcb': PcbMainFrame.cpp (11237) at Mon Sep 08 14:36:52 2025
P-CAD 2002 PCB(v17.01.22) 'D:\SVN_WP\0_TI\C2000\ASR5000\ASR-5075_ Main Power Board-P-V4.pcb': PcbMainFrame.cpp (11237) at Mon Sep 08 14:54:49 2025
P-CAD 2002 PCB(v17.01.22) 'D:\SVN_WP\0_TI\C2000\ASR5000\ASR-5075_ Main Power Board-P-V4.pcb': PcbMainFrame.cpp (11237) at Mon Sep 08 16:00:57 2025
P-CAD 2002 PCB(v17.01.22) 'D:\SVN_WP\0_TI\C2000\ASR5000\ASR-5075_ Main Power Board-P-V4.pcb': PcbMainFrame.cpp (11237) at Mon Sep 08 16:01:24 2025
P-CAD 2002 PCB(v17.01.22) 'D:\SVN_WP\0_TI\C2000\ASR5000\ASR-5075_ Main Power Board-P-V4.pcb': PcbMainFrame.cpp (11237) at Mon Sep 08 16:24:29 2025
P-CAD 2002 PCB(v17.01.22) 'D:\SVN_WP\0_TI\C2000\ASR5000\ASR-5075_ Main Power Board-P-V4.pcb': PcbMainFrame.cpp (11237) at Mon Sep 08 16:25:37 2025
P-CAD 2002 PCB(v17.01.22) 'D:\SVN_WP\0_TI\C2000\ASR5000\ASR-5075_ Main Power Board-P-V4.pcb': PcbMainFrame.cpp (11237) at Mon Sep 08 16:57:13 2025
P-CAD 2002 PCB(v17.01.22) 'D:\SVN_WP\0_TI\C2000\ASR5000\ASR-5075_ Main Power Board-P-V4.pcb': PcbMainFrame.cpp (11237) at Mon Sep 08 16:58:18 2025
P-CAD 2002 PCB(v17.01.22) 'D:\SVN_WP\0_TI\C2000\ASR5000\ASR-5075_ Main Power Board-P-V4.pcb': PcbMainFrame.cpp (11237) at Mon Sep 08 18:12:06 2025
P-CAD 2002 PCB(v17.01.22) 'D:\SVN_WP\0_TI\C2000\ASR5000\ASR-5075_ Main Power Board-P-V4.pcb': PcbMainFrame.cpp (11237) at Tue Sep 09 10:31:29 2025
P-CAD 2002 PCB(v17.01.22) 'D:\SVN_WP\0_TI\C2000\ASR5000\ASR-5075_ Main Power Board-P-V4.pcb': PcbMainFrame.cpp (11237) at Mon Sep 15 14:34:42 2025
P-CAD 2002 PCB(v17.01.22) 'D:\SVN_WP\0_TI\C2000\ASR5000\ASR-5075_ Main Power Board-P-V4.pcb': PcbMainFrame.cpp (11237) at Mon Sep 15 16:09:50 2025
P-CAD 2002 PCB(v17.01.22) 'D:\SVN_WP\0_TI\C2000\ASR5000\ASR-5075_ Main Power Board-P-V4.pcb': PcbMainFrame.cpp (11237) at Mon Sep 15 17:45:50 2025
P-CAD 2002 PCB(v17.01.22) 'D:\SVN_WP\0_TI\C2000\ASR5000\ASR-5075_ Main Power Board-P-V4.pcb': PcbMainFrame.cpp (11237) at Tue Sep 16 14:06:19 2025
